2025-05-17 19:51:48,713 [INFO] Central Server listening on 0.0.0.0:6000
2025-05-17 19:52:21,858 [INFO] Drone connected from ('127.0.0.1', 56545)
2025-05-17 19:52:21,859 [INFO] Received aggregate: {'average_temperature': 28.115000000000002, 'average_humidity': 60.44, 'anomalies': [], 'battery_level': 69.0, 'status': 'OK', 'timestamp': '2025-05-17T16:52:21.855574+00:00'}
2025-05-17 19:52:23,863 [INFO] Received aggregate: {'average_temperature': 26.156666666666666, 'average_humidity': 51.32333333333333, 'anomalies': [], 'battery_level': 65.0, 'status': 'OK', 'timestamp': '2025-05-17T16:52:23.862310+00:00'}
2025-05-17 19:52:25,873 [INFO] Received aggregate: {'average_temperature': 26.0375, 'average_humidity': 55.807500000000005, 'anomalies': [], 'battery_level': 61.0, 'status': 'OK', 'timestamp': '2025-05-17T16:52:25.873576+00:00'}
2025-05-17 19:52:27,882 [INFO] Received aggregate: {'average_temperature': 25.846000000000004, 'average_humidity': 56.858000000000004, 'anomalies': [], 'battery_level': 57.0, 'status': 'OK', 'timestamp': '2025-05-17T16:52:27.882760+00:00'}
2025-05-17 19:52:29,895 [INFO] Received aggregate: {'average_temperature': 26.375000000000004, 'average_humidity': 58.54500000000001, 'anomalies': [], 'battery_level': 53.0, 'status': 'OK', 'timestamp': '2025-05-17T16:52:29.895098+00:00'}
2025-05-17 19:52:31,897 [INFO] Received aggregate: {'average_temperature': 26.250000000000004, 'average_humidity': 56.40714285714286, 'anomalies': [], 'battery_level': 49.0, 'status': 'OK', 'timestamp': '2025-05-17T16:52:31.897297+00:00'}
2025-05-17 19:52:33,905 [INFO] Received aggregate: {'average_temperature': 25.501250000000002, 'average_humidity': 56.298750000000005, 'anomalies': [], 'battery_level': 44.0, 'status': 'OK', 'timestamp': '2025-05-17T16:52:33.905077+00:00'}
2025-05-17 19:52:35,911 [INFO] Received aggregate: {'average_temperature': 25.60666666666667, 'average_humidity': 55.65444444444445, 'anomalies': [], 'battery_level': 40.0, 'status': 'OK', 'timestamp': '2025-05-17T16:52:35.910929+00:00'}
2025-05-17 19:52:37,921 [INFO] Received aggregate: {'average_temperature': 25.421, 'average_humidity': 57.21600000000001, 'anomalies': [], 'battery_level': 36.0, 'status': 'OK', 'timestamp': '2025-05-17T16:52:37.921986+00:00'}
2025-05-17 19:52:39,935 [INFO] Received aggregate: {'average_temperature': 25.147, 'average_humidity': 59.048, 'anomalies': [], 'battery_level': 32.0, 'status': 'OK', 'timestamp': '2025-05-17T16:52:39.935739+00:00'}
2025-05-17 19:52:41,941 [INFO] Received aggregate: {'average_temperature': 24.940999999999995, 'average_humidity': 56.34000000000001, 'anomalies': [], 'battery_level': 28.0, 'status': 'OK', 'timestamp': '2025-05-17T16:52:41.940783+00:00'}
2025-05-17 19:52:43,950 [INFO] Received aggregate: {'average_temperature': 24.917, 'average_humidity': 58.34899999999999, 'anomalies': [], 'battery_level': 23.0, 'status': 'OK', 'timestamp': '2025-05-17T16:52:43.950133+00:00'}
2025-05-17 19:52:45,053 [INFO] Received aggregate: {'average_temperature': 24.866000000000003, 'average_humidity': 57.14199999999998, 'anomalies': [], 'battery_level': 21.0, 'status': 'OK', 'timestamp': '2025-05-17T16:52:45.052134+00:00'}
2025-05-17 19:53:09,213 [INFO] Received aggregate: {'average_temperature': 25.334000000000003, 'average_humidity': 56.584, 'anomalies': [], 'battery_level': 18.0, 'status': 'RETURNING', 'timestamp': '2025-05-17T16:52:45.957139+00:00'}
2025-05-17 19:53:09,214 [INFO] Received aggregate: {'average_temperature': 25.413999999999998, 'average_humidity': 56.795, 'anomalies': [], 'battery_level': 15.0, 'status': 'RETURNING', 'timestamp': '2025-05-17T16:52:47.106171+00:00'}
2025-05-17 19:53:09,216 [INFO] Received aggregate: {'average_temperature': 25.737000000000002, 'average_humidity': 59.05499999999999, 'anomalies': [], 'battery_level': 13.0, 'status': 'RETURNING', 'timestamp': '2025-05-17T16:52:47.967139+00:00'}
2025-05-17 19:53:09,216 [INFO] Received aggregate: {'average_temperature': 26.401, 'average_humidity': 60.50699999999999, 'anomalies': [], 'battery_level': 10.0, 'status': 'RETURNING', 'timestamp': '2025-05-17T16:52:49.077290+00:00'}
2025-05-17 19:53:09,217 [INFO] Received aggregate: {'average_temperature': 25.802, 'average_humidity': 60.83200000000001, 'anomalies': [], 'battery_level': 8.0, 'status': 'RETURNING', 'timestamp': '2025-05-17T16:52:49.973606+00:00'}
2025-05-17 19:53:09,218 [INFO] Received aggregate: {'average_temperature': 26.424, 'average_humidity': 60.63900000000001, 'anomalies': [], 'battery_level': 5.0, 'status': 'RETURNING', 'timestamp': '2025-05-17T16:52:51.088857+00:00'}
2025-05-17 19:53:09,219 [INFO] Received aggregate: {'average_temperature': 26.573, 'average_humidity': 59.629, 'anomalies': [], 'battery_level': 3.0, 'status': 'RETURNING', 'timestamp': '2025-05-17T16:52:51.980169+00:00'}
2025-05-17 19:53:09,220 [INFO] Received aggregate: {'average_temperature': 26.314, 'average_humidity': 60.342, 'anomalies': [], 'battery_level': 0.0, 'status': 'RETURNING', 'timestamp': '2025-05-17T16:52:53.099361+00:00'}
2025-05-17 19:53:09,221 [INFO] Received aggregate: {'average_temperature': 26.686, 'average_humidity': 60.544000000000004, 'anomalies': [], 'battery_level': 0.0, 'status': 'RETURNING', 'timestamp': '2025-05-17T16:52:53.993196+00:00'}
2025-05-17 19:53:09,222 [INFO] Received aggregate: {'average_temperature': 27.139000000000003, 'average_humidity': 58.791, 'anomalies': [], 'battery_level': 0.0, 'status': 'RETURNING', 'timestamp': '2025-05-17T16:52:55.112507+00:00'}
2025-05-17 19:53:09,223 [INFO] Received aggregate: {'average_temperature': 26.308999999999997, 'average_humidity': 57.387000000000015, 'anomalies': [], 'battery_level': 0.0, 'status': 'RETURNING', 'timestamp': '2025-05-17T16:52:56.019685+00:00'}
2025-05-17 19:53:09,223 [INFO] Received aggregate: {'average_temperature': 25.684000000000005, 'average_humidity': 57.326, 'anomalies': [], 'battery_level': 0.0, 'status': 'RETURNING', 'timestamp': '2025-05-17T16:52:57.122226+00:00'}
2025-05-17 19:53:09,224 [INFO] Received aggregate: {'average_temperature': 25.808999999999997, 'average_humidity': 53.884, 'anomalies': [], 'battery_level': 0.0, 'status': 'RETURNING', 'timestamp': '2025-05-17T16:52:58.017127+00:00'}
2025-05-17 19:53:09,225 [INFO] Received aggregate: {'average_temperature': 25.348999999999997, 'average_humidity': 50.232000000000006, 'anomalies': [], 'battery_level': 0.0, 'status': 'RETURNING', 'timestamp': '2025-05-17T16:52:59.146710+00:00'}
2025-05-17 19:53:09,226 [INFO] Received aggregate: {'average_temperature': 26.038, 'average_humidity': 50.525000000000006, 'anomalies': [], 'battery_level': 0.0, 'status': 'RETURNING', 'timestamp': '2025-05-17T16:53:00.032213+00:00'}
2025-05-17 19:53:09,227 [INFO] Received aggregate: {'average_temperature': 25.865999999999996, 'average_humidity': 49.468, 'anomalies': [], 'battery_level': 0.0, 'status': 'RETURNING', 'timestamp': '2025-05-17T16:53:01.148241+00:00'}
2025-05-17 19:53:09,228 [INFO] Received aggregate: {'average_temperature': 25.753999999999998, 'average_humidity': 50.38, 'anomalies': [], 'battery_level': 0.0, 'status': 'RETURNING', 'timestamp': '2025-05-17T16:53:02.040589+00:00'}
2025-05-17 19:53:09,229 [INFO] Received aggregate: {'average_temperature': 25.267, 'average_humidity': 50.94100000000001, 'anomalies': [], 'battery_level': 0.0, 'status': 'RETURNING', 'timestamp': '2025-05-17T16:53:03.158223+00:00'}
2025-05-17 19:53:09,230 [INFO] Received aggregate: {'average_temperature': 25.192, 'average_humidity': 51.366, 'anomalies': [], 'battery_level': 0.0, 'status': 'RETURNING', 'timestamp': '2025-05-17T16:53:04.055861+00:00'}
2025-05-17 19:53:09,231 [INFO] Received aggregate: {'average_temperature': 24.465, 'average_humidity': 54.848, 'anomalies': [], 'battery_level': 0.0, 'status': 'RETURNING', 'timestamp': '2025-05-17T16:53:05.170710+00:00'}
2025-05-17 19:53:09,232 [INFO] Received aggregate: {'average_temperature': 25.166999999999998, 'average_humidity': 55.81700000000001, 'anomalies': [], 'battery_level': 0.0, 'status': 'RETURNING', 'timestamp': '2025-05-17T16:53:06.069100+00:00'}
2025-05-17 19:53:09,233 [INFO] Received aggregate: {'average_temperature': 24.974, 'average_humidity': 56.473, 'anomalies': [], 'battery_level': 0.0, 'status': 'RETURNING', 'timestamp': '2025-05-17T16:53:07.182403+00:00'}
2025-05-17 19:53:09,234 [INFO] Received aggregate: {'average_temperature': 24.886, 'average_humidity': 57.00600000000001, 'anomalies': [], 'battery_level': 0.0, 'status': 'RETURNING', 'timestamp': '2025-05-17T16:53:08.074555+00:00'}
2025-05-17 19:53:09,234 [INFO] Received aggregate: {'average_temperature': 25.634999999999998, 'average_humidity': 61.257000000000005, 'anomalies': [], 'battery_level': 97.0, 'status': 'RETURNING', 'timestamp': '2025-05-17T16:53:09.212398+00:00'}
2025-05-17 19:53:10,089 [INFO] Received aggregate: {'average_temperature': 25.206, 'average_humidity': 59.2, 'anomalies': [], 'battery_level': 98.0, 'status': 'OK', 'timestamp': '2025-05-17T16:53:10.088717+00:00'}
2025-05-17 19:53:11,204 [INFO] Received aggregate: {'average_temperature': 24.79, 'average_humidity': 61.293000000000006, 'anomalies': [], 'battery_level': 95.0, 'status': 'OK', 'timestamp': '2025-05-17T16:53:11.204418+00:00'}
2025-05-17 19:53:12,101 [INFO] Received aggregate: {'average_temperature': 24.582, 'average_humidity': 58.528, 'anomalies': [], 'battery_level': 93.0, 'status': 'OK', 'timestamp': '2025-05-17T16:53:12.101219+00:00'}
2025-05-17 19:53:13,210 [INFO] Received aggregate: {'average_temperature': 24.791999999999998, 'average_humidity': 60.309000000000005, 'anomalies': [], 'battery_level': 90.0, 'status': 'OK', 'timestamp': '2025-05-17T16:53:13.209255+00:00'}
2025-05-17 19:53:14,116 [INFO] Received aggregate: {'average_temperature': 25.244000000000003, 'average_humidity': 62.314, 'anomalies': [], 'battery_level': 88.0, 'status': 'OK', 'timestamp': '2025-05-17T16:53:14.115351+00:00'}
2025-05-17 19:53:15,221 [INFO] Received aggregate: {'average_temperature': 25.288000000000004, 'average_humidity': 60.424, 'anomalies': [], 'battery_level': 85.0, 'status': 'OK', 'timestamp': '2025-05-17T16:53:15.220792+00:00'}
2025-05-17 19:53:16,141 [INFO] Received aggregate: {'average_temperature': 25.081, 'average_humidity': 58.912, 'anomalies': [], 'battery_level': 82.0, 'status': 'OK', 'timestamp': '2025-05-17T16:53:16.140063+00:00'}
2025-05-17 19:53:17,224 [INFO] Received aggregate: {'average_temperature': 25.855, 'average_humidity': 56.495000000000005, 'anomalies': [], 'battery_level': 80.0, 'status': 'OK', 'timestamp': '2025-05-17T16:53:17.224045+00:00'}
2025-05-17 19:53:18,134 [INFO] Received aggregate: {'average_temperature': 25.369999999999997, 'average_humidity': 57.57799999999999, 'anomalies': [], 'battery_level': 77.0, 'status': 'OK', 'timestamp': '2025-05-17T16:53:18.134834+00:00'}
2025-05-17 19:53:19,253 [INFO] Received aggregate: {'average_temperature': 24.463999999999995, 'average_humidity': 57.098, 'anomalies': [], 'battery_level': 74.0, 'status': 'OK', 'timestamp': '2025-05-17T16:53:19.253217+00:00'}
2025-05-17 19:53:20,140 [INFO] Received aggregate: {'average_temperature': 24.43, 'average_humidity': 57.388999999999996, 'anomalies': [], 'battery_level': 72.0, 'status': 'OK', 'timestamp': '2025-05-17T16:53:20.140269+00:00'}
2025-05-17 19:53:21,254 [INFO] Received aggregate: {'average_temperature': 24.512999999999998, 'average_humidity': 55.69199999999999, 'anomalies': [], 'battery_level': 69.0, 'status': 'OK', 'timestamp': '2025-05-17T16:53:21.253263+00:00'}
2025-05-17 19:53:22,154 [INFO] Received aggregate: {'average_temperature': 25.111, 'average_humidity': 56.03000000000001, 'anomalies': [], 'battery_level': 67.0, 'status': 'OK', 'timestamp': '2025-05-17T16:53:22.153971+00:00'}
2025-05-17 19:53:23,267 [INFO] Received aggregate: {'average_temperature': 25.424, 'average_humidity': 54.211, 'anomalies': [], 'battery_level': 64.0, 'status': 'OK', 'timestamp': '2025-05-17T16:53:23.267975+00:00'}
2025-05-17 19:53:24,168 [INFO] Received aggregate: {'average_temperature': 25.378000000000004, 'average_humidity': 51.867, 'anomalies': [], 'battery_level': 62.0, 'status': 'OK', 'timestamp': '2025-05-17T16:53:24.167432+00:00'}
2025-05-17 19:53:25,280 [INFO] Received aggregate: {'average_temperature': 25.929000000000002, 'average_humidity': 50.852, 'anomalies': [], 'battery_level': 59.0, 'status': 'OK', 'timestamp': '2025-05-17T16:53:25.279786+00:00'}
2025-05-17 19:53:26,174 [INFO] Received aggregate: {'average_temperature': 25.869, 'average_humidity': 53.690999999999995, 'anomalies': [], 'battery_level': 57.0, 'status': 'OK', 'timestamp': '2025-05-17T16:53:26.173537+00:00'}
2025-05-17 19:53:27,287 [INFO] Received aggregate: {'average_temperature': 25.465, 'average_humidity': 54.06999999999999, 'anomalies': [], 'battery_level': 56.0, 'status': 'OK', 'timestamp': '2025-05-17T16:53:27.287066+00:00'}
2025-05-17 19:53:28,188 [INFO] Received aggregate: {'average_temperature': 25.906, 'average_humidity': 56.86999999999999, 'anomalies': [], 'battery_level': 53.0, 'status': 'OK', 'timestamp': '2025-05-17T16:53:28.188093+00:00'}
2025-05-17 19:53:29,288 [INFO] Received aggregate: {'average_temperature': 26.555, 'average_humidity': 54.552, 'anomalies': [], 'battery_level': 51.0, 'status': 'OK', 'timestamp': '2025-05-17T16:53:29.287572+00:00'}
2025-05-17 19:53:30,201 [INFO] Received aggregate: {'average_temperature': 27.256999999999998, 'average_humidity': 54.871, 'anomalies': [], 'battery_level': 48.0, 'status': 'OK', 'timestamp': '2025-05-17T16:53:30.200136+00:00'}
2025-05-17 19:53:31,308 [INFO] Received aggregate: {'average_temperature': 27.576, 'average_humidity': 55.117, 'anomalies': [], 'battery_level': 45.0, 'status': 'OK', 'timestamp': '2025-05-17T16:53:31.307152+00:00'}
2025-05-17 19:53:32,212 [INFO] Received aggregate: {'average_temperature': 27.362000000000002, 'average_humidity': 57.114999999999995, 'anomalies': [], 'battery_level': 43.0, 'status': 'OK', 'timestamp': '2025-05-17T16:53:32.212758+00:00'}
2025-05-17 19:53:33,307 [INFO] Received aggregate: {'average_temperature': 27.395, 'average_humidity': 59.455000000000005, 'anomalies': [], 'battery_level': 40.0, 'status': 'OK', 'timestamp': '2025-05-17T16:53:33.307364+00:00'}
2025-05-17 19:53:34,219 [INFO] Received aggregate: {'average_temperature': 27.301, 'average_humidity': 58.501999999999995, 'anomalies': [], 'battery_level': 38.0, 'status': 'OK', 'timestamp': '2025-05-17T16:53:34.218589+00:00'}
2025-05-17 19:53:35,317 [INFO] Received aggregate: {'average_temperature': 26.633999999999997, 'average_humidity': 60.027, 'anomalies': [], 'battery_level': 35.0, 'status': 'OK', 'timestamp': '2025-05-17T16:53:35.316619+00:00'}
2025-05-17 19:53:36,250 [INFO] Received aggregate: {'average_temperature': 26.622000000000003, 'average_humidity': 57.85199999999999, 'anomalies': [], 'battery_level': 32.0, 'status': 'OK', 'timestamp': '2025-05-17T16:53:36.250909+00:00'}
2025-05-17 19:53:37,327 [INFO] Received aggregate: {'average_temperature': 26.625999999999998, 'average_humidity': 59.583000000000006, 'anomalies': [], 'battery_level': 30.0, 'status': 'OK', 'timestamp': '2025-05-17T16:53:37.327612+00:00'}
2025-05-17 19:53:38,242 [INFO] Received aggregate: {'average_temperature': 26.55, 'average_humidity': 56.975, 'anomalies': [], 'battery_level': 27.0, 'status': 'OK', 'timestamp': '2025-05-17T16:53:38.242110+00:00'}
2025-05-17 19:53:39,339 [INFO] Received aggregate: {'average_temperature': 26.826999999999998, 'average_humidity': 58.48199999999999, 'anomalies': [], 'battery_level': 25.0, 'status': 'OK', 'timestamp': '2025-05-17T16:53:39.339399+00:00'}
2025-05-17 19:53:40,252 [INFO] Received aggregate: {'average_temperature': 26.505000000000003, 'average_humidity': 57.415, 'anomalies': [], 'battery_level': 22.0, 'status': 'OK', 'timestamp': '2025-05-17T16:53:40.251227+00:00'}
2025-05-18 20:04:43,513 [INFO] Central Server listening on 0.0.0.0:6000
2025-05-18 20:04:57,900 [INFO] Drone connected from ('127.0.0.1', 58398)
2025-05-18 20:04:57,901 [INFO] Received aggregate: {'average_temperature': 26.35, 'average_humidity': 57.56, 'anomalies': [], 'battery_level': 94.0, 'status': 'OK', 'timestamp': '2025-05-18T17:04:57.889792+00:00'}
2025-05-18 20:04:59,901 [INFO] Received aggregate: {'average_temperature': 26.54, 'average_humidity': 52.84, 'anomalies': [], 'battery_level': 90.0, 'status': 'OK', 'timestamp': '2025-05-18T17:04:59.900808+00:00'}
2025-05-18 20:05:01,912 [INFO] Received aggregate: {'average_temperature': 24.893333333333334, 'average_humidity': 56.970000000000006, 'anomalies': [], 'battery_level': 86.0, 'status': 'OK', 'timestamp': '2025-05-18T17:05:01.911022+00:00'}
2025-05-18 20:05:03,928 [INFO] Received aggregate: {'average_temperature': 24.9825, 'average_humidity': 51.66250000000001, 'anomalies': [], 'battery_level': 82.0, 'status': 'OK', 'timestamp': '2025-05-18T17:05:03.927049+00:00'}
2025-05-18 20:05:04,785 [INFO] Received aggregate: {'average_temperature': 25.244, 'average_humidity': 56.762000000000015, 'anomalies': [], 'battery_level': 79.0, 'status': 'OK', 'timestamp': '2025-05-18T17:05:04.785015+00:00'}
2025-05-18 20:05:05,942 [INFO] Received aggregate: {'average_temperature': 25.121666666666666, 'average_humidity': 54.92666666666668, 'anomalies': [], 'battery_level': 77.0, 'status': 'OK', 'timestamp': '2025-05-18T17:05:05.941192+00:00'}
2025-05-18 20:05:06,773 [INFO] Received aggregate: {'average_temperature': 25.15, 'average_humidity': 54.282857142857154, 'anomalies': [], 'battery_level': 74.0, 'status': 'OK', 'timestamp': '2025-05-18T17:05:06.772175+00:00'}
2025-05-18 20:05:07,965 [INFO] Received aggregate: {'average_temperature': 25.3375, 'average_humidity': 56.80500000000001, 'anomalies': [], 'battery_level': 71.0, 'status': 'OK', 'timestamp': '2025-05-18T17:05:07.965785+00:00'}
2025-05-18 20:05:08,780 [INFO] Received aggregate: {'average_temperature': 24.97, 'average_humidity': 57.330000000000005, 'anomalies': [], 'battery_level': 69.0, 'status': 'OK', 'timestamp': '2025-05-18T17:05:08.780279+00:00'}
2025-05-18 20:05:09,952 [INFO] Received aggregate: {'average_temperature': 25.023, 'average_humidity': 58.104, 'anomalies': [], 'battery_level': 66.0, 'status': 'OK', 'timestamp': '2025-05-18T17:05:09.951909+00:00'}
2025-05-18 20:05:10,793 [INFO] Received aggregate: {'average_temperature': 24.580000000000002, 'average_humidity': 57.376999999999995, 'anomalies': [], 'battery_level': 64.0, 'status': 'OK', 'timestamp': '2025-05-18T17:05:10.792494+00:00'}
2025-05-18 20:05:11,963 [INFO] Received aggregate: {'average_temperature': 24.887999999999998, 'average_humidity': 57.712, 'anomalies': [], 'battery_level': 61.0, 'status': 'OK', 'timestamp': '2025-05-18T17:05:11.962058+00:00'}
2025-05-18 20:05:12,804 [INFO] Received aggregate: {'average_temperature': 25.050000000000004, 'average_humidity': 55.601, 'anomalies': [], 'battery_level': 59.0, 'status': 'OK', 'timestamp': '2025-05-18T17:05:12.803315+00:00'}
2025-05-18 20:05:13,972 [INFO] Received aggregate: {'average_temperature': 24.92, 'average_humidity': 55.05, 'anomalies': [], 'battery_level': 56.0, 'status': 'OK', 'timestamp': '2025-05-18T17:05:13.972412+00:00'}
2025-05-18 20:05:14,823 [INFO] Received aggregate: {'average_temperature': 25.052, 'average_humidity': 54.397000000000006, 'anomalies': [], 'battery_level': 53.0, 'status': 'OK', 'timestamp': '2025-05-18T17:05:14.823482+00:00'}
2025-05-18 20:05:15,989 [INFO] Received aggregate: {'average_temperature': 25.523999999999997, 'average_humidity': 57.674, 'anomalies': [], 'battery_level': 51.0, 'status': 'OK', 'timestamp': '2025-05-18T17:05:15.989373+00:00'}
2025-05-18 20:05:16,818 [INFO] Received aggregate: {'average_temperature': 25.671999999999997, 'average_humidity': 59.024, 'anomalies': [], 'battery_level': 48.0, 'status': 'OK', 'timestamp': '2025-05-18T17:05:16.817791+00:00'}
2025-05-18 20:05:18,012 [INFO] Received aggregate: {'average_temperature': 25.775, 'average_humidity': 56.498000000000005, 'anomalies': [], 'battery_level': 45.0, 'status': 'OK', 'timestamp': '2025-05-18T17:05:18.012944+00:00'}
2025-05-18 20:05:18,831 [INFO] Received aggregate: {'average_temperature': 26.276, 'average_humidity': 53.61899999999999, 'anomalies': [], 'battery_level': 43.0, 'status': 'OK', 'timestamp': '2025-05-18T17:05:18.830498+00:00'}
2025-05-18 20:05:20,004 [INFO] Received aggregate: {'average_temperature': 25.785000000000004, 'average_humidity': 50.888999999999996, 'anomalies': [], 'battery_level': 40.0, 'status': 'OK', 'timestamp': '2025-05-18T17:05:20.003099+00:00'}
2025-05-18 20:05:20,834 [INFO] Received aggregate: {'average_temperature': 26.222, 'average_humidity': 50.513, 'anomalies': [], 'battery_level': 38.0, 'status': 'OK', 'timestamp': '2025-05-18T17:05:20.833187+00:00'}
2025-05-18 20:05:22,005 [INFO] Received aggregate: {'average_temperature': 25.830000000000002, 'average_humidity': 51.041, 'anomalies': [], 'battery_level': 35.0, 'status': 'OK', 'timestamp': '2025-05-18T17:05:22.005899+00:00'}
2025-05-18 20:05:22,849 [INFO] Received aggregate: {'average_temperature': 26.032999999999998, 'average_humidity': 52.326, 'anomalies': [], 'battery_level': 33.0, 'status': 'OK', 'timestamp': '2025-05-18T17:05:22.849565+00:00'}
2025-05-18 20:05:24,015 [INFO] Received aggregate: {'average_temperature': 25.687, 'average_humidity': 53.973, 'anomalies': [], 'battery_level': 30.0, 'status': 'OK', 'timestamp': '2025-05-18T17:05:24.014879+00:00'}
2025-05-18 20:05:24,858 [INFO] Received aggregate: {'average_temperature': 25.282999999999998, 'average_humidity': 50.79299999999999, 'anomalies': [], 'battery_level': 28.0, 'status': 'OK', 'timestamp': '2025-05-18T17:05:24.858539+00:00'}
2025-05-18 20:05:26,030 [INFO] Received aggregate: {'average_temperature': 24.860000000000003, 'average_humidity': 48.925, 'anomalies': [], 'battery_level': 25.0, 'status': 'OK', 'timestamp': '2025-05-18T17:05:26.029950+00:00'}
2025-05-18 20:05:26,862 [INFO] Received aggregate: {'average_temperature': 25.072000000000003, 'average_humidity': 48.498000000000005, 'anomalies': [], 'battery_level': 22.0, 'status': 'OK', 'timestamp': '2025-05-18T17:05:26.861048+00:00'}
2025-05-18 20:07:32,553 [INFO] Received aggregate: {'average_temperature': 24.947999999999997, 'average_humidity': 47.138999999999996, 'anomalies': [], 'battery_level': 19.0, 'status': 'RETURNING', 'timestamp': '2025-05-18T17:05:28.058007+00:00'}
2025-05-18 20:07:32,554 [INFO] Received aggregate: {'average_temperature': 24.826, 'average_humidity': 48.617999999999995, 'anomalies': [], 'battery_level': 17.0, 'status': 'RETURNING', 'timestamp': '2025-05-18T17:05:28.867497+00:00'}
2025-05-18 20:07:32,555 [INFO] Received aggregate: {'average_temperature': 24.770000000000003, 'average_humidity': 50.702999999999996, 'anomalies': [], 'battery_level': 14.0, 'status': 'RETURNING', 'timestamp': '2025-05-18T17:05:30.041564+00:00'}
2025-05-18 20:07:32,556 [INFO] Received aggregate: {'average_temperature': 24.774, 'average_humidity': 52.379999999999995, 'anomalies': [], 'battery_level': 12.0, 'status': 'RETURNING', 'timestamp': '2025-05-18T17:05:30.881253+00:00'}
2025-05-18 20:07:32,556 [INFO] Received aggregate: {'average_temperature': 24.975, 'average_humidity': 52.053999999999995, 'anomalies': [], 'battery_level': 9.0, 'status': 'RETURNING', 'timestamp': '2025-05-18T17:05:32.048819+00:00'}
2025-05-18 20:07:32,557 [INFO] Received aggregate: {'average_temperature': 25.123, 'average_humidity': 53.375, 'anomalies': [], 'battery_level': 7.0, 'status': 'RETURNING', 'timestamp': '2025-05-18T17:05:32.893141+00:00'}
2025-05-18 20:07:32,558 [INFO] Received aggregate: {'average_temperature': 25.813, 'average_humidity': 56.50600000000001, 'anomalies': [], 'battery_level': 4.0, 'status': 'RETURNING', 'timestamp': '2025-05-18T17:05:34.064558+00:00'}
2025-05-18 20:07:32,558 [INFO] Received aggregate: {'average_temperature': 26.214999999999996, 'average_humidity': 55.863, 'anomalies': [], 'battery_level': 2.0, 'status': 'RETURNING', 'timestamp': '2025-05-18T17:05:34.897551+00:00'}
2025-05-18 20:07:32,559 [INFO] Received aggregate: {'average_temperature': 25.878000000000004, 'average_humidity': 53.592999999999996, 'anomalies': [], 'battery_level': 0.0, 'status': 'RETURNING', 'timestamp': '2025-05-18T17:05:36.067559+00:00'}
2025-05-18 20:07:32,560 [INFO] Received aggregate: {'average_temperature': 25.220999999999997, 'average_humidity': 51.04899999999999, 'anomalies': [], 'battery_level': 0.0, 'status': 'RETURNING', 'timestamp': '2025-05-18T17:05:36.921552+00:00'}
2025-05-18 20:07:32,560 [INFO] Received aggregate: {'average_temperature': 25.14, 'average_humidity': 53.866, 'anomalies': [], 'battery_level': 0.0, 'status': 'RETURNING', 'timestamp': '2025-05-18T17:05:38.075587+00:00'}
2025-05-18 20:07:32,561 [INFO] Received aggregate: {'average_temperature': 24.805999999999997, 'average_humidity': 56.973, 'anomalies': [], 'battery_level': 0.0, 'status': 'RETURNING', 'timestamp': '2025-05-18T17:05:38.918574+00:00'}
2025-05-18 20:07:32,562 [INFO] Received aggregate: {'average_temperature': 24.974999999999998, 'average_humidity': 56.811, 'anomalies': [], 'battery_level': 0.0, 'status': 'RETURNING', 'timestamp': '2025-05-18T17:05:40.109550+00:00'}
2025-05-18 20:07:32,563 [INFO] Received aggregate: {'average_temperature': 24.68, 'average_humidity': 58.319, 'anomalies': [], 'battery_level': 0.0, 'status': 'RETURNING', 'timestamp': '2025-05-18T17:05:40.918628+00:00'}
2025-05-18 20:07:32,563 [INFO] Received aggregate: {'average_temperature': 24.522999999999996, 'average_humidity': 60.083000000000006, 'anomalies': [], 'battery_level': 0.0, 'status': 'RETURNING', 'timestamp': '2025-05-18T17:05:42.104445+00:00'}
2025-05-18 20:07:32,564 [INFO] Received aggregate: {'average_temperature': 24.197, 'average_humidity': 58.419, 'anomalies': [], 'battery_level': 0.0, 'status': 'RETURNING', 'timestamp': '2025-05-18T17:05:42.922345+00:00'}
2025-05-18 20:07:32,564 [INFO] Received aggregate: {'average_temperature': 24.141999999999996, 'average_humidity': 58.324, 'anomalies': [], 'battery_level': 0.0, 'status': 'RETURNING', 'timestamp': '2025-05-18T17:05:44.115190+00:00'}
2025-05-18 20:07:32,565 [INFO] Received aggregate: {'average_temperature': 23.967999999999996, 'average_humidity': 62.11500000000001, 'anomalies': [], 'battery_level': 0.0, 'status': 'RETURNING', 'timestamp': '2025-05-18T17:05:44.924807+00:00'}
2025-05-18 20:07:32,566 [INFO] Received aggregate: {'average_temperature': 23.829, 'average_humidity': 62.523, 'anomalies': [], 'battery_level': 0.0, 'status': 'RETURNING', 'timestamp': '2025-05-18T17:05:46.123236+00:00'}
2025-05-18 20:07:32,566 [INFO] Received aggregate: {'average_temperature': 23.901, 'average_humidity': 66.10799999999999, 'anomalies': [], 'battery_level': 0.0, 'status': 'RETURNING', 'timestamp': '2025-05-18T17:05:46.936068+00:00'}
2025-05-18 20:07:32,567 [INFO] Received aggregate: {'average_temperature': 23.749000000000002, 'average_humidity': 63.28599999999999, 'anomalies': [], 'battery_level': 0.0, 'status': 'RETURNING', 'timestamp': '2025-05-18T17:05:48.131754+00:00'}
2025-05-18 20:07:32,568 [INFO] Received aggregate: {'average_temperature': 23.99, 'average_humidity': 62.515, 'anomalies': [], 'battery_level': 0.0, 'status': 'RETURNING', 'timestamp': '2025-05-18T17:05:48.982447+00:00'}
2025-05-18 20:07:32,568 [INFO] Received aggregate: {'average_temperature': 24.761000000000003, 'average_humidity': 60.727, 'anomalies': [], 'battery_level': 0.0, 'status': 'RETURNING', 'timestamp': '2025-05-18T17:05:50.141276+00:00'}
2025-05-18 20:07:32,569 [INFO] Received aggregate: {'average_temperature': 24.688000000000002, 'average_humidity': 57.928, 'anomalies': [], 'battery_level': 0.0, 'status': 'RETURNING', 'timestamp': '2025-05-18T17:05:50.953582+00:00'}
2025-05-18 20:07:32,570 [INFO] Received aggregate: {'average_temperature': 24.985, 'average_humidity': 58.15599999999999, 'anomalies': [], 'battery_level': 0.0, 'status': 'RETURNING', 'timestamp': '2025-05-18T17:05:52.160308+00:00'}
2025-05-18 20:07:32,571 [INFO] Received aggregate: {'average_temperature': 25.437000000000005, 'average_humidity': 57.652, 'anomalies': [], 'battery_level': 0.0, 'status': 'RETURNING', 'timestamp': '2025-05-18T17:05:52.956772+00:00'}
2025-05-18 20:07:32,571 [INFO] Received aggregate: {'average_temperature': 24.832, 'average_humidity': 54.964, 'anomalies': [], 'battery_level': 0.0, 'status': 'RETURNING', 'timestamp': '2025-05-18T17:05:54.153917+00:00'}
2025-05-18 20:07:32,572 [INFO] Received aggregate: {'average_temperature': 25.026000000000003, 'average_humidity': 55.714999999999996, 'anomalies': [], 'battery_level': 0.0, 'status': 'RETURNING', 'timestamp': '2025-05-18T17:05:54.968756+00:00'}
2025-05-18 20:07:32,573 [INFO] Received aggregate: {'average_temperature': 25.193, 'average_humidity': 55.25699999999999, 'anomalies': [], 'battery_level': 0.0, 'status': 'RETURNING', 'timestamp': '2025-05-18T17:05:56.155708+00:00'}
2025-05-18 20:07:32,573 [INFO] Received aggregate: {'average_temperature': 24.93, 'average_humidity': 53.715999999999994, 'anomalies': [], 'battery_level': 0.0, 'status': 'RETURNING', 'timestamp': '2025-05-18T17:05:56.972001+00:00'}
2025-05-18 20:07:32,574 [INFO] Received aggregate: {'average_temperature': 25.415, 'average_humidity': 54.032999999999994, 'anomalies': [], 'battery_level': 0.0, 'status': 'RETURNING', 'timestamp': '2025-05-18T17:05:58.160907+00:00'}
2025-05-18 20:07:32,575 [INFO] Received aggregate: {'average_temperature': 25.482, 'average_humidity': 52.79799999999999, 'anomalies': [], 'battery_level': 0.0, 'status': 'RETURNING', 'timestamp': '2025-05-18T17:05:58.973159+00:00'}
2025-05-18 20:07:32,576 [INFO] Received aggregate: {'average_temperature': 24.904, 'average_humidity': 52.965999999999994, 'anomalies': [], 'battery_level': 0.0, 'status': 'RETURNING', 'timestamp': '2025-05-18T17:06:00.171494+00:00'}
2025-05-18 20:07:32,576 [INFO] Received aggregate: {'average_temperature': 24.698, 'average_humidity': 55.410000000000004, 'anomalies': [], 'battery_level': 0.0, 'status': 'RETURNING', 'timestamp': '2025-05-18T17:06:00.996756+00:00'}
2025-05-18 20:07:32,577 [INFO] Received aggregate: {'average_temperature': 24.324, 'average_humidity': 53.803, 'anomalies': [], 'battery_level': 0.0, 'status': 'RETURNING', 'timestamp': '2025-05-18T17:06:02.186278+00:00'}
2025-05-18 20:07:32,578 [INFO] Received aggregate: {'average_temperature': 24.184, 'average_humidity': 52.090999999999994, 'anomalies': [], 'battery_level': 0.0, 'status': 'RETURNING', 'timestamp': '2025-05-18T17:06:02.991770+00:00'}
2025-05-18 20:07:32,579 [INFO] Received aggregate: {'average_temperature': 24.196, 'average_humidity': 50.203, 'anomalies': [], 'battery_level': 0.0, 'status': 'RETURNING', 'timestamp': '2025-05-18T17:06:04.202200+00:00'}
2025-05-18 20:07:32,580 [INFO] Received aggregate: {'average_temperature': 23.661, 'average_humidity': 47.147999999999996, 'anomalies': [], 'battery_level': 0.0, 'status': 'RETURNING', 'timestamp': '2025-05-18T17:06:04.992256+00:00'}
2025-05-18 20:07:32,580 [INFO] Received aggregate: {'average_temperature': 23.948, 'average_humidity': 51.330999999999996, 'anomalies': [], 'battery_level': 0.0, 'status': 'RETURNING', 'timestamp': '2025-05-18T17:06:06.203247+00:00'}
2025-05-18 20:07:32,581 [INFO] Received aggregate: {'average_temperature': 24.47, 'average_humidity': 50.779999999999994, 'anomalies': [], 'battery_level': 0.0, 'status': 'RETURNING', 'timestamp': '2025-05-18T17:06:07.004141+00:00'}
2025-05-18 20:07:32,582 [INFO] Received aggregate: {'average_temperature': 24.069, 'average_humidity': 51.708000000000006, 'anomalies': [], 'battery_level': 0.0, 'status': 'RETURNING', 'timestamp': '2025-05-18T17:06:08.209507+00:00'}
2025-05-18 20:07:32,583 [INFO] Received aggregate: {'average_temperature': 23.937, 'average_humidity': 51.273, 'anomalies': [], 'battery_level': 0.0, 'status': 'RETURNING', 'timestamp': '2025-05-18T17:06:09.016303+00:00'}
2025-05-18 20:07:32,583 [INFO] Received aggregate: {'average_temperature': 24.037, 'average_humidity': 53.275999999999996, 'anomalies': [], 'battery_level': 0.0, 'status': 'RETURNING', 'timestamp': '2025-05-18T17:06:10.213543+00:00'}
2025-05-18 20:07:32,584 [INFO] Received aggregate: {'average_temperature': 24.439, 'average_humidity': 50.617, 'anomalies': [], 'battery_level': 0.0, 'status': 'RETURNING', 'timestamp': '2025-05-18T17:06:11.018528+00:00'}
2025-05-18 20:07:32,585 [INFO] Received aggregate: {'average_temperature': 24.339, 'average_humidity': 49.485, 'anomalies': [], 'battery_level': 0.0, 'status': 'RETURNING', 'timestamp': '2025-05-18T17:06:12.222417+00:00'}
2025-05-18 20:07:32,586 [INFO] Received aggregate: {'average_temperature': 24.245, 'average_humidity': 50.42399999999999, 'anomalies': [], 'battery_level': 0.0, 'status': 'RETURNING', 'timestamp': '2025-05-18T17:06:13.033505+00:00'}
2025-05-18 20:07:32,586 [INFO] Received aggregate: {'average_temperature': 24.604, 'average_humidity': 50.974, 'anomalies': [], 'battery_level': 0.0, 'status': 'RETURNING', 'timestamp': '2025-05-18T17:06:14.231222+00:00'}
2025-05-18 20:07:32,587 [INFO] Received aggregate: {'average_temperature': 24.937, 'average_humidity': 52.223, 'anomalies': [], 'battery_level': 0.0, 'status': 'RETURNING', 'timestamp': '2025-05-18T17:06:15.036067+00:00'}
2025-05-18 20:07:32,588 [INFO] Received aggregate: {'average_temperature': 24.712, 'average_humidity': 47.408, 'anomalies': [], 'battery_level': 0.0, 'status': 'RETURNING', 'timestamp': '2025-05-18T17:06:16.252233+00:00'}
2025-05-18 20:07:32,589 [INFO] Received aggregate: {'average_temperature': 24.329, 'average_humidity': 46.65899999999999, 'anomalies': [], 'battery_level': 0.0, 'status': 'RETURNING', 'timestamp': '2025-05-18T17:06:17.035459+00:00'}
2025-05-18 20:07:32,589 [INFO] Received aggregate: {'average_temperature': 23.992, 'average_humidity': 49.717, 'anomalies': [], 'battery_level': 0.0, 'status': 'RETURNING', 'timestamp': '2025-05-18T17:06:18.244833+00:00'}
2025-05-18 20:07:32,590 [INFO] Received aggregate: {'average_temperature': 24.18, 'average_humidity': 51.609, 'anomalies': [], 'battery_level': 0.0, 'status': 'RETURNING', 'timestamp': '2025-05-18T17:06:19.041959+00:00'}
2025-05-18 20:07:32,591 [INFO] Received aggregate: {'average_temperature': 23.934999999999995, 'average_humidity': 48.851, 'anomalies': [], 'battery_level': 0.0, 'status': 'RETURNING', 'timestamp': '2025-05-18T17:06:20.259841+00:00'}
2025-05-18 20:07:32,591 [INFO] Received aggregate: {'average_temperature': 24.188999999999997, 'average_humidity': 50.362, 'anomalies': [], 'battery_level': 0.0, 'status': 'RETURNING', 'timestamp': '2025-05-18T17:06:21.056407+00:00'}
2025-05-18 20:07:32,592 [INFO] Received aggregate: {'average_temperature': 24.508000000000003, 'average_humidity': 50.553000000000004, 'anomalies': [], 'battery_level': 0.0, 'status': 'RETURNING', 'timestamp': '2025-05-18T17:06:22.265272+00:00'}
2025-05-18 20:07:32,593 [INFO] Received aggregate: {'average_temperature': 24.24, 'average_humidity': 53.024, 'anomalies': [], 'battery_level': 0.0, 'status': 'RETURNING', 'timestamp': '2025-05-18T17:06:23.059942+00:00'}
2025-05-18 20:07:32,594 [INFO] Received aggregate: {'average_temperature': 24.16, 'average_humidity': 54.24000000000001, 'anomalies': [], 'battery_level': 0.0, 'status': 'RETURNING', 'timestamp': '2025-05-18T17:06:24.271846+00:00'}
2025-05-18 20:07:32,594 [INFO] Received aggregate: {'average_temperature': 24.563, 'average_humidity': 52.938, 'anomalies': [], 'battery_level': 0.0, 'status': 'RETURNING', 'timestamp': '2025-05-18T17:06:25.089366+00:00'}
2025-05-18 20:07:32,595 [INFO] Received aggregate: {'average_temperature': 25.005, 'average_humidity': 55.01700000000001, 'anomalies': [], 'battery_level': 0.0, 'status': 'RETURNING', 'timestamp': '2025-05-18T17:06:26.291896+00:00'}
2025-05-18 20:07:32,596 [INFO] Received aggregate: {'average_temperature': 25.116, 'average_humidity': 54.287, 'anomalies': [], 'battery_level': 0.0, 'status': 'RETURNING', 'timestamp': '2025-05-18T17:06:27.087473+00:00'}
2025-05-18 20:07:32,597 [INFO] Received aggregate: {'average_temperature': 25.125999999999998, 'average_humidity': 51.946000000000005, 'anomalies': [], 'battery_level': 0.0, 'status': 'RETURNING', 'timestamp': '2025-05-18T17:06:28.288254+00:00'}
2025-05-18 20:07:32,597 [INFO] Received aggregate: {'average_temperature': 24.886999999999997, 'average_humidity': 51.614999999999995, 'anomalies': [], 'battery_level': 0.0, 'status': 'RETURNING', 'timestamp': '2025-05-18T17:06:29.097827+00:00'}
2025-05-18 20:07:32,598 [INFO] Received aggregate: {'average_temperature': 24.907999999999998, 'average_humidity': 54.859, 'anomalies': [], 'battery_level': 0.0, 'status': 'RETURNING', 'timestamp': '2025-05-18T17:06:30.304655+00:00'}
2025-05-18 20:07:32,599 [INFO] Received aggregate: {'average_temperature': 24.516, 'average_humidity': 54.41600000000001, 'anomalies': [], 'battery_level': 0.0, 'status': 'RETURNING', 'timestamp': '2025-05-18T17:06:31.104167+00:00'}
2025-05-18 20:07:32,600 [INFO] Received aggregate: {'average_temperature': 24.341999999999995, 'average_humidity': 53.964, 'anomalies': [], 'battery_level': 0.0, 'status': 'RETURNING', 'timestamp': '2025-05-18T17:06:32.312992+00:00'}
2025-05-18 20:07:32,601 [INFO] Received aggregate: {'average_temperature': 24.818999999999996, 'average_humidity': 52.74499999999999, 'anomalies': [], 'battery_level': 0.0, 'status': 'RETURNING', 'timestamp': '2025-05-18T17:06:33.108482+00:00'}
2025-05-18 20:07:32,601 [INFO] Received aggregate: {'average_temperature': 25.431, 'average_humidity': 52.61200000000001, 'anomalies': [], 'battery_level': 0.0, 'status': 'RETURNING', 'timestamp': '2025-05-18T17:06:34.323318+00:00'}
2025-05-18 20:07:32,602 [INFO] Received aggregate: {'average_temperature': 25.110999999999997, 'average_humidity': 51.39200000000001, 'anomalies': [], 'battery_level': 0.0, 'status': 'RETURNING', 'timestamp': '2025-05-18T17:06:35.122365+00:00'}
2025-05-18 20:07:32,602 [INFO] Received aggregate: {'average_temperature': 25.165, 'average_humidity': 52.68800000000001, 'anomalies': [], 'battery_level': 0.0, 'status': 'RETURNING', 'timestamp': '2025-05-18T17:06:36.358488+00:00'}
2025-05-18 20:07:32,603 [INFO] Received aggregate: {'average_temperature': 25.174, 'average_humidity': 55.790000000000006, 'anomalies': [], 'battery_level': 0.0, 'status': 'RETURNING', 'timestamp': '2025-05-18T17:06:37.123706+00:00'}
2025-05-18 20:07:32,604 [INFO] Received aggregate: {'average_temperature': 25.291, 'average_humidity': 57.132000000000005, 'anomalies': [], 'battery_level': 0.0, 'status': 'RETURNING', 'timestamp': '2025-05-18T17:06:38.351452+00:00'}
2025-05-18 20:07:32,604 [INFO] Received aggregate: {'average_temperature': 25.901999999999997, 'average_humidity': 56.849000000000004, 'anomalies': [], 'battery_level': 0.0, 'status': 'RETURNING', 'timestamp': '2025-05-18T17:06:39.125453+00:00'}
2025-05-18 20:07:32,605 [INFO] Received aggregate: {'average_temperature': 26.268, 'average_humidity': 53.885000000000005, 'anomalies': [], 'battery_level': 0.0, 'status': 'RETURNING', 'timestamp': '2025-05-18T17:06:40.357242+00:00'}
2025-05-18 20:07:32,606 [INFO] Received aggregate: {'average_temperature': 26.432, 'average_humidity': 53.095000000000006, 'anomalies': [], 'battery_level': 0.0, 'status': 'RETURNING', 'timestamp': '2025-05-18T17:06:41.140027+00:00'}
2025-05-18 20:07:32,606 [INFO] Received aggregate: {'average_temperature': 25.881, 'average_humidity': 56.699, 'anomalies': [], 'battery_level': 0.0, 'status': 'RETURNING', 'timestamp': '2025-05-18T17:06:42.364549+00:00'}
2025-05-18 20:07:32,607 [INFO] Received aggregate: {'average_temperature': 25.238999999999997, 'average_humidity': 55.212, 'anomalies': [], 'battery_level': 0.0, 'status': 'RETURNING', 'timestamp': '2025-05-18T17:06:43.144653+00:00'}
2025-05-18 20:07:32,608 [INFO] Received aggregate: {'average_temperature': 24.72, 'average_humidity': 55.614999999999995, 'anomalies': [], 'battery_level': 0.0, 'status': 'RETURNING', 'timestamp': '2025-05-18T17:06:44.379084+00:00'}
2025-05-18 20:07:32,608 [INFO] Received aggregate: {'average_temperature': 24.206, 'average_humidity': 56.687, 'anomalies': [], 'battery_level': 0.0, 'status': 'RETURNING', 'timestamp': '2025-05-18T17:06:45.165934+00:00'}
2025-05-18 20:07:32,609 [INFO] Received aggregate: {'average_temperature': 24.314, 'average_humidity': 57.476, 'anomalies': [], 'battery_level': 0.0, 'status': 'RETURNING', 'timestamp': '2025-05-18T17:06:46.395610+00:00'}
2025-05-18 20:07:32,610 [INFO] Received aggregate: {'average_temperature': 24.330999999999996, 'average_humidity': 58.15500000000001, 'anomalies': [], 'battery_level': 0.0, 'status': 'RETURNING', 'timestamp': '2025-05-18T17:06:47.167639+00:00'}
2025-05-18 20:07:32,611 [INFO] Received aggregate: {'average_temperature': 24.193999999999996, 'average_humidity': 57.31700000000001, 'anomalies': [], 'battery_level': 0.0, 'status': 'RETURNING', 'timestamp': '2025-05-18T17:06:48.391640+00:00'}
2025-05-18 20:07:32,612 [INFO] Received aggregate: {'average_temperature': 23.464999999999996, 'average_humidity': 57.06700000000001, 'anomalies': [], 'battery_level': 0.0, 'status': 'RETURNING', 'timestamp': '2025-05-18T17:06:49.179639+00:00'}
2025-05-18 20:07:32,612 [INFO] Received aggregate: {'average_temperature': 23.094, 'average_humidity': 57.916, 'anomalies': [], 'battery_level': 0.0, 'status': 'RETURNING', 'timestamp': '2025-05-18T17:06:50.393639+00:00'}
2025-05-18 20:07:32,613 [INFO] Received aggregate: {'average_temperature': 23.338, 'average_humidity': 57.759, 'anomalies': [], 'battery_level': 0.0, 'status': 'RETURNING', 'timestamp': '2025-05-18T17:06:51.192638+00:00'}
2025-05-18 20:07:32,613 [INFO] Received aggregate: {'average_temperature': 24.098, 'average_humidity': 55.597000000000016, 'anomalies': [], 'battery_level': 0.0, 'status': 'RETURNING', 'timestamp': '2025-05-18T17:06:52.398582+00:00'}
2025-05-18 20:07:32,614 [INFO] Received aggregate: {'average_temperature': 24.531, 'average_humidity': 59.58200000000001, 'anomalies': [], 'battery_level': 0.0, 'status': 'RETURNING', 'timestamp': '2025-05-18T17:06:53.201379+00:00'}
2025-05-18 20:07:32,615 [INFO] Received aggregate: {'average_temperature': 24.768, 'average_humidity': 59.176, 'anomalies': [], 'battery_level': 0.0, 'status': 'RETURNING', 'timestamp': '2025-05-18T17:06:54.409519+00:00'}
2025-05-18 20:07:32,615 [INFO] Received aggregate: {'average_temperature': 25.329, 'average_humidity': 59.648, 'anomalies': [], 'battery_level': 0.0, 'status': 'RETURNING', 'timestamp': '2025-05-18T17:06:55.217715+00:00'}
2025-05-18 20:07:32,616 [INFO] Received aggregate: {'average_temperature': 25.329, 'average_humidity': 58.779999999999994, 'anomalies': [], 'battery_level': 0.0, 'status': 'RETURNING', 'timestamp': '2025-05-18T17:06:56.438531+00:00'}
2025-05-18 20:07:32,617 [INFO] Received aggregate: {'average_temperature': 25.538, 'average_humidity': 54.891, 'anomalies': [], 'battery_level': 0.0, 'status': 'RETURNING', 'timestamp': '2025-05-18T17:06:57.215583+00:00'}
2025-05-18 20:07:32,618 [INFO] Received aggregate: {'average_temperature': 25.508, 'average_humidity': 54.94199999999999, 'anomalies': [], 'battery_level': 0.0, 'status': 'RETURNING', 'timestamp': '2025-05-18T17:06:58.422270+00:00'}
2025-05-18 20:07:32,618 [INFO] Received aggregate: {'average_temperature': 26.131, 'average_humidity': 51.931000000000004, 'anomalies': [], 'battery_level': 0.0, 'status': 'RETURNING', 'timestamp': '2025-05-18T17:06:59.223808+00:00'}
2025-05-18 20:07:32,619 [INFO] Received aggregate: {'average_temperature': 26.702999999999996, 'average_humidity': 53.392999999999994, 'anomalies': [], 'battery_level': 0.0, 'status': 'RETURNING', 'timestamp': '2025-05-18T17:07:00.429392+00:00'}
2025-05-18 20:07:32,620 [INFO] Received aggregate: {'average_temperature': 25.994999999999997, 'average_humidity': 54.927, 'anomalies': [], 'battery_level': 0.0, 'status': 'RETURNING', 'timestamp': '2025-05-18T17:07:01.230598+00:00'}
2025-05-18 20:07:32,620 [INFO] Received aggregate: {'average_temperature': 25.899, 'average_humidity': 53.372, 'anomalies': [], 'battery_level': 0.0, 'status': 'RETURNING', 'timestamp': '2025-05-18T17:07:02.430725+00:00'}
2025-05-18 20:07:32,621 [INFO] Received aggregate: {'average_temperature': 26.217000000000002, 'average_humidity': 50.936, 'anomalies': [], 'battery_level': 0.0, 'status': 'RETURNING', 'timestamp': '2025-05-18T17:07:03.249384+00:00'}
2025-05-18 20:07:32,621 [INFO] Received aggregate: {'average_temperature': 26.177000000000003, 'average_humidity': 52.94, 'anomalies': [], 'battery_level': 0.0, 'status': 'RETURNING', 'timestamp': '2025-05-18T17:07:04.442011+00:00'}
2025-05-18 20:07:32,622 [INFO] Received aggregate: {'average_temperature': 26.220999999999997, 'average_humidity': 55.737, 'anomalies': [], 'battery_level': 0.0, 'status': 'RETURNING', 'timestamp': '2025-05-18T17:07:05.255015+00:00'}
2025-05-18 20:07:32,623 [INFO] Received aggregate: {'average_temperature': 26.019999999999992, 'average_humidity': 54.164, 'anomalies': [], 'battery_level': 0.0, 'status': 'RETURNING', 'timestamp': '2025-05-18T17:07:06.475493+00:00'}
2025-05-18 20:07:32,623 [INFO] Received aggregate: {'average_temperature': 25.939, 'average_humidity': 55.787, 'anomalies': [], 'battery_level': 0.0, 'status': 'RETURNING', 'timestamp': '2025-05-18T17:07:07.258143+00:00'}
2025-05-18 20:07:32,624 [INFO] Received aggregate: {'average_temperature': 26.328999999999997, 'average_humidity': 55.976, 'anomalies': [], 'battery_level': 0.0, 'status': 'RETURNING', 'timestamp': '2025-05-18T17:07:08.453725+00:00'}
2025-05-18 20:07:32,625 [INFO] Received aggregate: {'average_temperature': 25.598999999999997, 'average_humidity': 59.265, 'anomalies': [], 'battery_level': 0.0, 'status': 'RETURNING', 'timestamp': '2025-05-18T17:07:09.274548+00:00'}
2025-05-18 20:07:32,625 [INFO] Received aggregate: {'average_temperature': 24.997, 'average_humidity': 60.668000000000006, 'anomalies': [], 'battery_level': 0.0, 'status': 'RETURNING', 'timestamp': '2025-05-18T17:07:10.464484+00:00'}
2025-05-18 20:07:32,626 [INFO] Received aggregate: {'average_temperature': 25.814999999999998, 'average_humidity': 60.327, 'anomalies': [], 'battery_level': 0.0, 'status': 'RETURNING', 'timestamp': '2025-05-18T17:07:11.289926+00:00'}
2025-05-18 20:07:32,627 [INFO] Received aggregate: {'average_temperature': 25.468, 'average_humidity': 63.436, 'anomalies': [], 'battery_level': 0.0, 'status': 'RETURNING', 'timestamp': '2025-05-18T17:07:12.472521+00:00'}
2025-05-18 20:07:32,628 [INFO] Received aggregate: {'average_temperature': 24.914, 'average_humidity': 64.326, 'anomalies': [], 'battery_level': 0.0, 'status': 'RETURNING', 'timestamp': '2025-05-18T17:07:13.303672+00:00'}
2025-05-18 20:07:32,628 [INFO] Received aggregate: {'average_temperature': 24.856, 'average_humidity': 61.39199999999998, 'anomalies': [], 'battery_level': 0.0, 'status': 'RETURNING', 'timestamp': '2025-05-18T17:07:14.482565+00:00'}
2025-05-18 20:07:32,629 [INFO] Received aggregate: {'average_temperature': 24.456, 'average_humidity': 59.153, 'anomalies': [], 'battery_level': 0.0, 'status': 'RETURNING', 'timestamp': '2025-05-18T17:07:15.321840+00:00'}
2025-05-18 20:07:32,631 [INFO] Received aggregate: {'average_temperature': 24.366, 'average_humidity': 60.697, 'anomalies': [], 'battery_level': 0.0, 'status': 'RETURNING', 'timestamp': '2025-05-18T17:07:16.512145+00:00'}
2025-05-18 20:07:32,633 [INFO] Received aggregate: {'average_temperature': 24.847, 'average_humidity': 59.508, 'anomalies': [], 'battery_level': 0.0, 'status': 'RETURNING', 'timestamp': '2025-05-18T17:07:17.327257+00:00'}
2025-05-18 20:07:32,634 [INFO] Received aggregate: {'average_temperature': 24.445, 'average_humidity': 60.482000000000006, 'anomalies': [], 'battery_level': 0.0, 'status': 'RETURNING', 'timestamp': '2025-05-18T17:07:18.504942+00:00'}
2025-05-18 20:07:32,635 [INFO] Received aggregate: {'average_temperature': 24.946, 'average_humidity': 57.80800000000001, 'anomalies': [], 'battery_level': 0.0, 'status': 'RETURNING', 'timestamp': '2025-05-18T17:07:19.331161+00:00'}
2025-05-18 20:07:32,636 [INFO] Received aggregate: {'average_temperature': 25.047, 'average_humidity': 57.811, 'anomalies': [], 'battery_level': 0.0, 'status': 'RETURNING', 'timestamp': '2025-05-18T17:07:20.504605+00:00'}
2025-05-18 20:07:32,637 [INFO] Received aggregate: {'average_temperature': 24.654, 'average_humidity': 59.178, 'anomalies': [], 'battery_level': 0.0, 'status': 'RETURNING', 'timestamp': '2025-05-18T17:07:21.342661+00:00'}
2025-05-18 20:07:32,638 [INFO] Received aggregate: {'average_temperature': 24.587, 'average_humidity': 55.955, 'anomalies': [], 'battery_level': 0.0, 'status': 'RETURNING', 'timestamp': '2025-05-18T17:07:22.506185+00:00'}
2025-05-18 20:07:32,639 [INFO] Received aggregate: {'average_temperature': 24.345, 'average_humidity': 55.25999999999999, 'anomalies': [], 'battery_level': 0.0, 'status': 'RETURNING', 'timestamp': '2025-05-18T17:07:23.349709+00:00'}
2025-05-18 20:07:32,640 [INFO] Received aggregate: {'average_temperature': 23.822, 'average_humidity': 59.188, 'anomalies': [], 'battery_level': 0.0, 'status': 'RETURNING', 'timestamp': '2025-05-18T17:07:24.509742+00:00'}
2025-05-18 20:07:32,640 [INFO] Received aggregate: {'average_temperature': 23.549999999999997, 'average_humidity': 57.66799999999999, 'anomalies': [], 'battery_level': 0.0, 'status': 'RETURNING', 'timestamp': '2025-05-18T17:07:25.369708+00:00'}
2025-05-18 20:07:32,641 [INFO] Received aggregate: {'average_temperature': 23.493999999999996, 'average_humidity': 57.20799999999999, 'anomalies': [], 'battery_level': 0.0, 'status': 'RETURNING', 'timestamp': '2025-05-18T17:07:26.517744+00:00'}
2025-05-18 20:07:32,642 [INFO] Received aggregate: {'average_temperature': 22.912999999999997, 'average_humidity': 60.021, 'anomalies': [], 'battery_level': 0.0, 'status': 'RETURNING', 'timestamp': '2025-05-18T17:07:27.375935+00:00'}
2025-05-18 20:07:32,643 [INFO] Received aggregate: {'average_temperature': 23.076, 'average_humidity': 59.27699999999999, 'anomalies': [], 'battery_level': 0.0, 'status': 'RETURNING', 'timestamp': '2025-05-18T17:07:28.538098+00:00'}
2025-05-18 20:07:32,644 [INFO] Received aggregate: {'average_temperature': 22.723, 'average_humidity': 62.325, 'anomalies': [], 'battery_level': 0.0, 'status': 'RETURNING', 'timestamp': '2025-05-18T17:07:29.382254+00:00'}
2025-05-18 20:07:32,645 [INFO] Received aggregate: {'average_temperature': 22.481, 'average_humidity': 59.577, 'anomalies': [], 'battery_level': 0.0, 'status': 'RETURNING', 'timestamp': '2025-05-18T17:07:30.538926+00:00'}
2025-05-18 20:07:32,646 [INFO] Received aggregate: {'average_temperature': 22.621999999999996, 'average_humidity': 55.25, 'anomalies': [], 'battery_level': 0.0, 'status': 'RETURNING', 'timestamp': '2025-05-18T17:07:31.395622+00:00'}
2025-05-18 20:07:32,647 [INFO] Received aggregate: {'average_temperature': 22.393000000000004, 'average_humidity': 58.89300000000001, 'anomalies': [], 'battery_level': 98.0, 'status': 'RETURNING', 'timestamp': '2025-05-18T17:07:32.553202+00:00'}
2025-05-18 20:07:33,411 [INFO] Received aggregate: {'average_temperature': 22.821000000000005, 'average_humidity': 58.93699999999999, 'anomalies': [], 'battery_level': 96.0, 'status': 'OK', 'timestamp': '2025-05-18T17:07:33.410235+00:00'}
2025-05-18 20:07:34,566 [INFO] Received aggregate: {'average_temperature': 23.443, 'average_humidity': 58.157000000000004, 'anomalies': [], 'battery_level': 93.0, 'status': 'OK', 'timestamp': '2025-05-18T17:07:34.566921+00:00'}
2025-05-18 20:07:35,428 [INFO] Received aggregate: {'average_temperature': 24.288, 'average_humidity': 59.196000000000005, 'anomalies': [], 'battery_level': 90.0, 'status': 'OK', 'timestamp': '2025-05-18T17:07:35.428184+00:00'}
2025-05-18 20:07:36,575 [INFO] Received aggregate: {'average_temperature': 24.407, 'average_humidity': 60.75899999999999, 'anomalies': [], 'battery_level': 88.0, 'status': 'OK', 'timestamp': '2025-05-18T17:07:36.574893+00:00'}
2025-05-18 20:07:37,437 [INFO] Received aggregate: {'average_temperature': 24.612000000000002, 'average_humidity': 60.68000000000001, 'anomalies': [], 'battery_level': 79.02996254681649, 'status': 'OK', 'timestamp': '2025-05-18T17:07:37.436988+00:00'}
2025-05-18 20:07:38,578 [INFO] Received aggregate: {'average_temperature': 25.249000000000002, 'average_humidity': 61.871, 'anomalies': [], 'battery_level': 69.7041198501873, 'status': 'OK', 'timestamp': '2025-05-18T17:07:38.578489+00:00'}
2025-05-18 20:07:39,441 [INFO] Received aggregate: {'average_temperature': 25.762, 'average_humidity': 58.73, 'anomalies': [], 'battery_level': 63.48689138576783, 'status': 'OK', 'timestamp': '2025-05-18T17:07:39.440752+00:00'}
2025-05-18 20:07:40,590 [INFO] Received aggregate: {'average_temperature': 26.241000000000003, 'average_humidity': 57.455, 'anomalies': [], 'battery_level': 56.55805243445697, 'status': 'OK', 'timestamp': '2025-05-18T17:07:40.589723+00:00'}
2025-05-18 20:07:41,457 [INFO] Received aggregate: {'average_temperature': 25.776999999999997, 'average_humidity': 59.202999999999996, 'anomalies': [], 'battery_level': 55.13483146067419, 'status': 'OK', 'timestamp': '2025-05-18T17:07:41.456722+00:00'}
2025-05-18 20:07:42,592 [INFO] Received aggregate: {'average_temperature': 26.017000000000003, 'average_humidity': 54.907, 'anomalies': [], 'battery_level': 52.794007490636744, 'status': 'OK', 'timestamp': '2025-05-18T17:07:42.591708+00:00'}
2025-05-18 20:07:43,467 [INFO] Received aggregate: {'average_temperature': 26.301, 'average_humidity': 56.782999999999994, 'anomalies': [], 'battery_level': 51.25842696629218, 'status': 'OK', 'timestamp': '2025-05-18T17:07:43.466424+00:00'}
2025-05-18 20:07:44,608 [INFO] Received aggregate: {'average_temperature': 25.823, 'average_humidity': 56.51700000000001, 'anomalies': [], 'battery_level': 73.95505617977533, 'status': 'OK', 'timestamp': '2025-05-18T17:07:44.608443+00:00'}
2025-05-18 20:09:53,944 [INFO] Central Server listening on 0.0.0.0:6000
2025-05-18 20:10:23,233 [INFO] Drone connected from ('127.0.0.1', 58510)
2025-05-18 20:10:23,237 [INFO] Received aggregate: {'average_temperature': 21.27, 'average_humidity': 50.13, 'anomalies': [], 'battery_level': 99.0, 'status': 'OK', 'timestamp': '2025-05-18T17:10:23.211906+00:00'}
2025-05-18 20:10:23,322 [INFO] Received aggregate: {'average_temperature': 22.79, 'average_humidity': 61.39, 'anomalies': [], 'battery_level': 98.0, 'status': 'OK', 'timestamp': '2025-05-18T17:10:23.322756+00:00'}
2025-05-18 20:10:23,446 [INFO] Received aggregate: {'average_temperature': 23.80666666666667, 'average_humidity': 53.97, 'anomalies': [], 'battery_level': 97.0, 'status': 'OK', 'timestamp': '2025-05-18T17:10:23.446349+00:00'}
2025-05-18 20:10:25,210 [INFO] Received aggregate: {'average_temperature': 24.1275, 'average_humidity': 50.6225, 'anomalies': [], 'battery_level': 93.0, 'status': 'OK', 'timestamp': '2025-05-18T17:10:25.209163+00:00'}
2025-05-18 20:10:25,331 [INFO] Received aggregate: {'average_temperature': 24.476000000000003, 'average_humidity': 51.372, 'anomalies': [], 'battery_level': 92.0, 'status': 'OK', 'timestamp': '2025-05-18T17:10:25.330588+00:00'}
2025-05-18 20:10:25,497 [INFO] Received aggregate: {'average_temperature': 24.310000000000002, 'average_humidity': 50.175000000000004, 'anomalies': [], 'battery_level': 90.0, 'status': 'OK', 'timestamp': '2025-05-18T17:10:25.496133+00:00'}
2025-05-18 20:10:27,224 [INFO] Received aggregate: {'average_temperature': 23.76, 'average_humidity': 49.95428571428572, 'anomalies': [], 'battery_level': 87.0, 'status': 'OK', 'timestamp': '2025-05-18T17:10:27.224087+00:00'}
2025-05-18 20:10:27,332 [INFO] Received aggregate: {'average_temperature': 24.177500000000002, 'average_humidity': 52.52, 'anomalies': [], 'battery_level': 86.0, 'status': 'OK', 'timestamp': '2025-05-18T17:10:27.332905+00:00'}
2025-05-18 20:10:27,468 [INFO] Received aggregate: {'average_temperature': 23.75, 'average_humidity': 54.01777777777778, 'anomalies': [], 'battery_level': 84.0, 'status': 'OK', 'timestamp': '2025-05-18T17:10:27.468077+00:00'}
2025-05-18 20:10:29,239 [INFO] Received aggregate: {'average_temperature': 23.98, 'average_humidity': 52.352999999999994, 'anomalies': [], 'battery_level': 81.0, 'status': 'OK', 'timestamp': '2025-05-18T17:10:29.238397+00:00'}
2025-05-18 20:10:29,357 [INFO] Received aggregate: {'average_temperature': 24.589000000000006, 'average_humidity': 52.93000000000001, 'anomalies': [], 'battery_level': 79.0, 'status': 'OK', 'timestamp': '2025-05-18T17:10:29.357485+00:00'}
2025-05-18 20:10:29,471 [INFO] Received aggregate: {'average_temperature': 24.519000000000005, 'average_humidity': 53.477, 'anomalies': [], 'battery_level': 78.0, 'status': 'OK', 'timestamp': '2025-05-18T17:10:29.470008+00:00'}
2025-05-18 20:10:31,252 [INFO] Received aggregate: {'average_temperature': 24.549, 'average_humidity': 56.628, 'anomalies': [], 'battery_level': 74.0, 'status': 'OK', 'timestamp': '2025-05-18T17:10:31.252899+00:00'}
2025-05-18 20:10:31,355 [INFO] Received aggregate: {'average_temperature': 24.561999999999998, 'average_humidity': 60.408, 'anomalies': [], 'battery_level': 73.0, 'status': 'OK', 'timestamp': '2025-05-18T17:10:31.355917+00:00'}
2025-05-18 20:10:31,479 [INFO] Received aggregate: {'average_temperature': 23.983999999999998, 'average_humidity': 58.94000000000001, 'anomalies': [], 'battery_level': 72.0, 'status': 'OK', 'timestamp': '2025-05-18T17:10:31.479153+00:00'}
2025-05-18 20:10:33,261 [INFO] Received aggregate: {'average_temperature': 24.481, 'average_humidity': 59.423, 'anomalies': [], 'battery_level': 68.0, 'status': 'OK', 'timestamp': '2025-05-18T17:10:33.260125+00:00'}
2025-05-18 20:10:33,357 [INFO] Received aggregate: {'average_temperature': 25.113999999999997, 'average_humidity': 62.173, 'anomalies': [], 'battery_level': 67.0, 'status': 'OK', 'timestamp': '2025-05-18T17:10:33.356127+00:00'}
2025-05-18 20:10:33,481 [INFO] Received aggregate: {'average_temperature': 25.038999999999994, 'average_humidity': 61.436, 'anomalies': [], 'battery_level': 66.0, 'status': 'OK', 'timestamp': '2025-05-18T17:10:33.480578+00:00'}
2025-05-18 20:10:35,268 [INFO] Received aggregate: {'average_temperature': 25.218999999999998, 'average_humidity': 61.355, 'anomalies': [], 'battery_level': 62.0, 'status': 'OK', 'timestamp': '2025-05-18T17:10:35.267454+00:00'}
2025-05-18 20:10:35,362 [INFO] Received aggregate: {'average_temperature': 25.127999999999997, 'average_humidity': 63.843, 'anomalies': [], 'battery_level': 61.0, 'status': 'OK', 'timestamp': '2025-05-18T17:10:35.361167+00:00'}
2025-05-18 20:10:35,487 [INFO] Received aggregate: {'average_temperature': 24.487000000000002, 'average_humidity': 63.185, 'anomalies': [], 'battery_level': 60.0, 'status': 'OK', 'timestamp': '2025-05-18T17:10:35.486715+00:00'}
